d:\work\vc\vc2019\make6502dasm_process\08coding-complete\6502dasmwin\6502dasmwin\debug\my6502dasmwin.form1.resources
d:\work\vc\vc2019\make6502dasm_process\08coding-complete\6502dasmwin\6502dasmwin\debug\my6502dasmwin.helpform.resources
d:\work\vc\vc2019\make6502dasm_process\08coding-complete\6502dasmwin\6502dasmwin\debug\my6502dasmwin.offsetinform.resources
d:\work\vc\vc2019\make6502dasm_process\08coding-complete\6502dasmwin\6502dasmwin\debug\my6502dasmwin.skipareainform.resources
d:\work\vc\vc2019\make6502dasm_process\08coding-complete\6502dasmwin\6502dasmwin\debug\6502dasmwin.pch
d:\work\vc\vc2019\make6502dasm_process\08coding-complete\6502dasmwin\6502dasmwin\debug\vc142.pdb
d:\work\vc\vc2019\make6502dasm_process\08coding-complete\6502dasmwin\6502dasmwin\debug\stdafx.obj
d:\work\vc\vc2019\make6502dasm_process\08coding-complete\6502dasmwin\6502dasmwin\debug\skipareainform.obj
d:\work\vc\vc2019\make6502dasm_process\08coding-complete\6502dasmwin\6502dasmwin\debug\offsetinform.obj
d:\work\vc\vc2019\make6502dasm_process\08coding-complete\6502dasmwin\6502dasmwin\debug\helpform.obj
d:\work\vc\vc2019\make6502dasm_process\08coding-complete\6502dasmwin\6502dasmwin\debug\assemblyinfo.obj
d:\work\vc\vc2019\make6502dasm_process\08coding-complete\6502dasmwin\6502dasmwin\debug\6502dasmwin.obj
d:\work\vc\vc2019\make6502dasm_process\08coding-complete\6502dasmwin\6502dasmwin\debug\.netframework,version=v4.0.assemblyattributes.obj
d:\work\vc\vc2019\make6502dasm_process\08coding-complete\6502dasmwin\debug\6502dasmwin.exe
d:\work\vc\vc2019\make6502dasm_process\08coding-complete\6502dasmwin\debug\6502dasmwin.pdb
d:\work\vc\vc2019\make6502dasm_process\08coding-complete\6502dasmwin\6502dasmwin\debug\app.res
d:\work\vc\vc2019\make6502dasm_process\08coding-complete\6502dasmwin\6502dasmwin\debug\6502dasmwin.tlog\6502dasmwin.write.1u.tlog
d:\work\vc\vc2019\make6502dasm_process\08coding-complete\6502dasmwin\6502dasmwin\debug\6502dasmwin.tlog\cl.command.1.tlog
d:\work\vc\vc2019\make6502dasm_process\08coding-complete\6502dasmwin\6502dasmwin\debug\6502dasmwin.tlog\cl.read.1.tlog
d:\work\vc\vc2019\make6502dasm_process\08coding-complete\6502dasmwin\6502dasmwin\debug\6502dasmwin.tlog\cl.write.1.tlog
d:\work\vc\vc2019\make6502dasm_process\08coding-complete\6502dasmwin\6502dasmwin\debug\6502dasmwin.tlog\link.command.1.tlog
d:\work\vc\vc2019\make6502dasm_process\08coding-complete\6502dasmwin\6502dasmwin\debug\6502dasmwin.tlog\link.read.1.tlog
d:\work\vc\vc2019\make6502dasm_process\08coding-complete\6502dasmwin\6502dasmwin\debug\6502dasmwin.tlog\link.write.1.tlog
d:\work\vc\vc2019\make6502dasm_process\08coding-complete\6502dasmwin\6502dasmwin\debug\6502dasmwin.tlog\metagen.read.1.tlog
d:\work\vc\vc2019\make6502dasm_process\08coding-complete\6502dasmwin\6502dasmwin\debug\6502dasmwin.tlog\metagen.write.1.tlog
d:\work\vc\vc2019\make6502dasm_process\08coding-complete\6502dasmwin\6502dasmwin\debug\6502dasmwin.tlog\rc.command.1.tlog
d:\work\vc\vc2019\make6502dasm_process\08coding-complete\6502dasmwin\6502dasmwin\debug\6502dasmwin.tlog\rc.read.1.tlog
d:\work\vc\vc2019\make6502dasm_process\08coding-complete\6502dasmwin\6502dasmwin\debug\6502dasmwin.tlog\rc.write.1.tlog
